[1 of 2] Compiling Main             ( C:\Users\Jonatan\AppData\Local\Temp\stack10940\entropy-0.3.7\Setup.hs, C:\Users\Jonatan\AppData\Local\Temp\stack10940\entropy-0.3.7\.stack-work\dist\ca59d0ab\setup\Main.o )
[2 of 2] Compiling StackSetupShim   ( C:\Users\Jonatan\AppData\Roaming\stack\setup-exe-src\setup-shim-mPHDZzAJ.hs, C:\Users\Jonatan\AppData\Local\Temp\stack10940\entropy-0.3.7\.stack-work\dist\ca59d0ab\setup\StackSetupShim.o )
Linking C:\Users\Jonatan\AppData\Local\Temp\stack10940\entropy-0.3.7\.stack-work\dist\ca59d0ab\setup\setup.exe ...
Configuring entropy-0.3.7...
Result of RDRAND Test: True
Building entropy-0.3.7...
Preprocessing library entropy-0.3.7...
[1 of 2] Compiling System.EntropyWindows ( System\EntropyWindows.hs, .stack-work\dist\ca59d0ab\build\System\EntropyWindows.o )

System\EntropyWindows.hs:80:1: warning: [-Wunsupported-calling-conventions]
    * the 'stdcall' calling convention is unsupported on this platform,
      treating as ccall
    * When checking declaration:
        foreign import stdcall unsafe "static CryptAcquireContextA" c_cryptAcquireCtx
          :: Ptr Word32 -> CString -> CString -> Word32 -> Word32 -> IO Int32

System\EntropyWindows.hs:82:1: warning: [-Wunsupported-calling-conventions]
    * the 'stdcall' calling convention is unsupported on this platform,
      treating as ccall
    * When checking declaration:
        foreign import stdcall unsafe "static CryptGenRandom" c_cryptGenRandom
          :: Word32 -> Word32 -> Ptr Word8 -> IO Int32

System\EntropyWindows.hs:84:1: warning: [-Wunsupported-calling-conventions]
    * the 'stdcall' calling convention is unsupported on this platform,
      treating as ccall
    * When checking declaration:
        foreign import stdcall unsafe "static CryptReleaseContext" c_cryptReleaseCtx
          :: Word32 -> Word32 -> IO Int32
[2 of 2] Compiling System.Entropy   ( System\Entropy.hs, .stack-work\dist\ca59d0ab\build\System\Entropy.o )
Installing library in
C:\Users\Jonatan\AppData\Roaming\stack\snapshots\68091127\lib\x86_64-windows-ghc-8.0.2\entropy-0.3.7-7YflRgkwZTRIfjmyKo8scy
Registering entropy-0.3.7...
